[debug] [2024-02-01T21:05:48.975Z] ----------------------------------------------------------------------
[debug] [2024-02-01T21:05:48.979Z] Command:       C:\Program Files\nodejs\node.exe C:\Program Files\nodejs\node_modules\firebase-tools\lib\bin\firebase.js deploy --only hosting
[debug] [2024-02-01T21:05:48.980Z] CLI Version:   13.1.0
[debug] [2024-02-01T21:05:48.981Z] Platform:      win32
[debug] [2024-02-01T21:05:48.982Z] Node Version:  v18.19.0
[debug] [2024-02-01T21:05:48.983Z] Time:          Thu Feb 01 2024 13:05:48 GMT-0800 (Pacific Standard Time)
[debug] [2024-02-01T21:05:48.984Z] ----------------------------------------------------------------------
[debug] 
[debug] [2024-02-01T21:05:49.131Z] > command requires scopes: ["email","openid","https://www.googleapis.com/auth/cloudplatformprojects.readonly","https://www.googleapis.com/auth/firebase","https://www.googleapis.com/auth/cloud-platform"]
[debug] [2024-02-01T21:05:49.133Z] > authorizing via signed-in user (sabdelrahman071@gmail.com)
[debug] [2024-02-01T21:05:49.133Z] [iam] checking project fir-rayan-b57cf for permissions ["firebase.projects.get","firebasehosting.sites.update"]
[debug] [2024-02-01T21:05:49.136Z] > refreshing access token with scopes: []
[debug] [2024-02-01T21:05:49.139Z] >>> [apiv2][query] POST https://www.googleapis.com/oauth2/v3/token [none]
[debug] [2024-02-01T21:05:49.140Z] >>> [apiv2][body] POST https://www.googleapis.com/oauth2/v3/token [omitted]
[debug] [2024-02-01T21:05:49.733Z] <<< [apiv2][status] POST https://www.googleapis.com/oauth2/v3/token 400
[debug] [2024-02-01T21:05:49.734Z] <<< [apiv2][body] POST https://www.googleapis.com/oauth2/v3/token [omitted]
[debug] [2024-02-01T21:05:49.734Z] >>> [apiv2][query] POST https://cloudresourcemanager.googleapis.com/v1/projects/fir-rayan-b57cf:testIamPermissions [none]
[debug] [2024-02-01T21:05:49.734Z] >>> [apiv2][(partial)header] POST https://cloudresourcemanager.googleapis.com/v1/projects/fir-rayan-b57cf:testIamPermissions x-goog-quota-user=projects/fir-rayan-b57cf
[debug] [2024-02-01T21:05:49.735Z] >>> [apiv2][body] POST https://cloudresourcemanager.googleapis.com/v1/projects/fir-rayan-b57cf:testIamPermissions {"permissions":["firebase.projects.get","firebasehosting.sites.update"]}
[debug] [2024-02-01T21:05:50.744Z] <<< [apiv2][status] POST https://cloudresourcemanager.googleapis.com/v1/projects/fir-rayan-b57cf:testIamPermissions 401
[debug] [2024-02-01T21:05:50.745Z] <<< [apiv2][body] POST https://cloudresourcemanager.googleapis.com/v1/projects/fir-rayan-b57cf:testIamPermissions {"error":{"code":401,"message":"Request had invalid authentication credentials. Expected OAuth 2 access token, login cookie or other valid authentication credential. See https://developers.google.com/identity/sign-in/web/devconsole-project.","status":"UNAUTHENTICATED","details":[{"@type":"type.googleapis.com/google.rpc.ErrorInfo","reason":"ACCESS_TOKEN_TYPE_UNSUPPORTED","metadata":{"method":"google.cloudresourcemanager.v1.Projects.TestIamPermissions","service":"cloudresourcemanager.googleapis.com"}}]}}
[debug] [2024-02-01T21:05:50.747Z] [iam] error while checking permissions, command may fail: FirebaseError: HTTP Error: 401, Request had invalid authentication credentials. Expected OAuth 2 access token, login cookie or other valid authentication credential. See https://developers.google.com/identity/sign-in/web/devconsole-project.
[debug] [2024-02-01T21:05:50.749Z] > refreshing access token with scopes: []
[debug] [2024-02-01T21:05:50.750Z] >>> [apiv2][query] POST https://www.googleapis.com/oauth2/v3/token [none]
[debug] [2024-02-01T21:05:50.750Z] >>> [apiv2][body] POST https://www.googleapis.com/oauth2/v3/token [omitted]
[debug] [2024-02-01T21:05:51.153Z] <<< [apiv2][status] POST https://www.googleapis.com/oauth2/v3/token 400
[debug] [2024-02-01T21:05:51.153Z] <<< [apiv2][body] POST https://www.googleapis.com/oauth2/v3/token [omitted]
[debug] [2024-02-01T21:05:51.155Z] >>> [apiv2][query] GET https://firebase.googleapis.com/v1beta1/projects/fir-rayan-b57cf [none]
[debug] [2024-02-01T21:05:51.458Z] <<< [apiv2][status] GET https://firebase.googleapis.com/v1beta1/projects/fir-rayan-b57cf 401
[debug] [2024-02-01T21:05:51.458Z] <<< [apiv2][body] GET https://firebase.googleapis.com/v1beta1/projects/fir-rayan-b57cf {"error":{"code":401,"message":"Request had invalid authentication credentials. Expected OAuth 2 access token, login cookie or other valid authentication credential. See https://developers.google.com/identity/sign-in/web/devconsole-project.","status":"UNAUTHENTICATED"}}
[debug] [2024-02-01T21:05:51.458Z] HTTP Error: 401, Request had invalid authentication credentials. Expected OAuth 2 access token, login cookie or other valid authentication credential. See https://developers.google.com/identity/sign-in/web/devconsole-project.
[error] 
[error] Error: Assertion failed: resolving hosting target of a site with no site name or target name. This should have caused an error earlier
